<?xml version="1.0" encoding="UTF-8"?>
<!-- Generated by org.testng.reporters.JUnitReportReporter -->
<testsuite skipped="0" hostname="DESKTOP-4K40COT" name="cheche.androidTest.a.testCase.TestLoginForNewUser" tests="1" failures="0" timestamp="14 十二月 2018 02:10:29 GMT" time="18.863" errors="0">
  <testcase name="testLoginForNewUser" time="18.863" classname="cheche.androidTest.a.testCase.TestLoginForNewUser"/>
</testsuite> <!-- cheche.androidTest.a.testCase.TestLoginForNewUser -->
