<?xml version="1.0" encoding="UTF-8"?>
<!-- Generated by org.testng.reporters.JUnitReportReporter -->
<testsuite skipped="0" hostname="DESKTOP-EJTJG9I" name="cheche.androidTest.a.testCase.TestLoginForNewUser" tests="1" failures="0" timestamp="15 十二月 2018 12:52:07 GMT" time="22.150" errors="0">
  <testcase name="testLoginForNewUser" time="22.150" classname="cheche.androidTest.a.testCase.TestLoginForNewUser"/>
</testsuite> <!-- cheche.androidTest.a.testCase.TestLoginForNewUser -->
